<?xml version="1.0" encoding="UTF-8" standalone="yes"?>
<testsuites name="CreateEmpPara" time="15" tests="6" failures="0" errors="0">
    <testsuite name="CreateEmpPara" tests="6" failures="0" errors="0" time="15" timestamp="2019-09-20 15:47:20" hostname="nambre - XIPLRAC008.xpanxion.co.in" id="Test Suites/CreateEmpPara">
        <properties>
            <property name="deviceName" value=""/>
            <property name="devicePlatform" value=""/>
            <property name="logFolder" value="C:\\Users\\anilesh\\Katalon Studio\\APITest\\Reports\\20190920_154712\\CreateEmpPara\\20190920_154712"/>
            <property name="logFiles" value="C:\\Users\\anilesh\\Katalon Studio\\APITest\\Reports\\20190920_154712\\CreateEmpPara\\20190920_154712\\execution0.log"/>
            <property name="attachments" value=""/>
            <property name="hostName" value="nambre - XIPLRAC008.xpanxion.co.in"/>
            <property name="hostAddress" value="172.30.23.27"/>
            <property name="os" value="Windows 10 64bit"/>
            <property name="katalonVersion" value="6.3.3.11"/>
        </properties>
        <testcase name="Test Cases/DummyEmp/CreateEmp - allvariable" classname="Test Cases/DummyEmp/CreateEmp - allvariable" status="PASSED">
            <system-out>2019-09-20 15:47:21 - [TEST_CASE][PASSED] - Test Cases/DummyEmp/CreateEmp - allvariable: Test Cases/DummyEmp/CreateEmp - allvariable&#xD;
&#xD;
2019-09-20 15:47:21 - [TEST_STEP][PASSED] - now = new java.util.Date(): null&#xD;
&#xD;
2019-09-20 15:47:21 - [TEST_STEP][PASSED] - now.format("yyyyMMdd-HH:mm:ss.SSS", TimeZone.getTimeZone("UTC")): null&#xD;
&#xD;
2019-09-20 15:47:21 - [TEST_STEP][PASSED] - EmpName = now.toString(): null&#xD;
&#xD;
2019-09-20 15:47:22 - [TEST_STEP][PASSED] - response = sendRequest(findTestObject("DummyEmp/CreateEmp - allvariable", ["EmpName":now.toString(), "salary":salary, "age":age])): Send request successfully&#xD;
&#xD;
2019-09-20 15:47:25 - [MESSAGE][INFO] - HAR: C:\Users\anilesh\Katalon Studio\APITest\Reports\20190920_154712\CreateEmpPara\20190920_154712\requests\main\0.har&#xD;
&#xD;
2019-09-20 15:47:25 - [MESSAGE][PASSED] - Send request successfully&#xD;
&#xD;
2019-09-20 15:47:25 - [TEST_STEP][PASSED] - println(response.getResponseBodyContent()): null&#xD;
&#xD;
2019-09-20 15:47:26 - [TEST_STEP][PASSED] - responseText = response.getResponseBodyContent(): null&#xD;
&#xD;
2019-09-20 15:47:26 - [TEST_STEP][PASSED] - println(responseText): null&#xD;
&#xD;
2019-09-20 15:47:26 - [TEST_STEP][PASSED] - slurper = new groovy.json.JsonSlurper(): null&#xD;
&#xD;
2019-09-20 15:47:26 - [TEST_STEP][PASSED] - parsedJson = slurper.parseText(responseText): null&#xD;
&#xD;
2019-09-20 15:47:26 - [TEST_STEP][PASSED] - id = parsedJson.get("id"): null&#xD;
&#xD;
2019-09-20 15:47:26 - [TEST_STEP][PASSED] - println(id): null&#xD;
&#xD;
2019-09-20 15:47:26 - [TEST_STEP][PASSED] - println(EmpId = id): null&#xD;
&#xD;
2019-09-20 15:47:26 - [TEST_STEP][PASSED] - assert containsString(response, now.toString(), false): Check contain string successfully&#xD;
&#xD;
2019-09-20 15:47:26 - [MESSAGE][PASSED] - Check contain string successfully&#xD;
&#xD;
2019-09-20 15:47:26 - [TEST_STEP][PASSED] - verifyElementPropertyValue(response, "name", EmpName): Verify element property value successfully&#xD;
&#xD;
2019-09-20 15:47:26 - [MESSAGE][PASSED] - Verify element property value successfully&#xD;
&#xD;
2019-09-20 15:47:26 - [TEST_STEP][PASSED] - verifyResponseStatusCode(response, 200): Verify response status code successfully&#xD;
&#xD;
2019-09-20 15:47:26 - [MESSAGE][PASSED] - Verify response status code successfully&#xD;
&#xD;
2019-09-20 15:47:26 - [TEST_STEP][PASSED] - response = sendRequest(findTestObject("DummyEmp/GetEmployee")): Send request successfully&#xD;
&#xD;
2019-09-20 15:47:27 - [MESSAGE][INFO] - HAR: C:\Users\anilesh\Katalon Studio\APITest\Reports\20190920_154712\CreateEmpPara\20190920_154712\requests\main\1.har&#xD;
&#xD;
2019-09-20 15:47:27 - [MESSAGE][PASSED] - Send request successfully&#xD;
&#xD;
2019-09-20 15:47:27 - [TEST_STEP][PASSED] - println(response.getResponseBodyContent()): null&#xD;
&#xD;
2019-09-20 15:47:27 - [TEST_STEP][PASSED] - verifyResponseStatusCode(response, 200): Verify response status code successfully&#xD;
&#xD;
2019-09-20 15:47:27 - [MESSAGE][PASSED] - Verify response status code successfully</system-out>
            <system-err></system-err>
        </testcase>
        <testcase name="Test Cases/DummyEmp/CreateEmp - allvariable" classname="Test Cases/DummyEmp/CreateEmp - allvariable" status="PASSED">
            <system-out>2019-09-20 15:47:27 - [TEST_CASE][PASSED] - Test Cases/DummyEmp/CreateEmp - allvariable: Test Cases/DummyEmp/CreateEmp - allvariable&#xD;
&#xD;
2019-09-20 15:47:27 - [TEST_STEP][PASSED] - now = new java.util.Date(): null&#xD;
&#xD;
2019-09-20 15:47:27 - [TEST_STEP][PASSED] - now.format("yyyyMMdd-HH:mm:ss.SSS", TimeZone.getTimeZone("UTC")): null&#xD;
&#xD;
2019-09-20 15:47:27 - [TEST_STEP][PASSED] - EmpName = now.toString(): null&#xD;
&#xD;
2019-09-20 15:47:27 - [TEST_STEP][PASSED] - response = sendRequest(findTestObject("DummyEmp/CreateEmp - allvariable", ["EmpName":now.toString(), "salary":salary, "age":age])): Send request successfully&#xD;
&#xD;
2019-09-20 15:47:28 - [MESSAGE][INFO] - HAR: C:\Users\anilesh\Katalon Studio\APITest\Reports\20190920_154712\CreateEmpPara\20190920_154712\requests\main\2.har&#xD;
&#xD;
2019-09-20 15:47:28 - [MESSAGE][PASSED] - Send request successfully&#xD;
&#xD;
2019-09-20 15:47:28 - [TEST_STEP][PASSED] - println(response.getResponseBodyContent()): null&#xD;
&#xD;
2019-09-20 15:47:28 - [TEST_STEP][PASSED] - responseText = response.getResponseBodyContent(): null&#xD;
&#xD;
2019-09-20 15:47:28 - [TEST_STEP][PASSED] - println(responseText): null&#xD;
&#xD;
2019-09-20 15:47:28 - [TEST_STEP][PASSED] - slurper = new groovy.json.JsonSlurper(): null&#xD;
&#xD;
2019-09-20 15:47:28 - [TEST_STEP][PASSED] - parsedJson = slurper.parseText(responseText): null&#xD;
&#xD;
2019-09-20 15:47:28 - [TEST_STEP][PASSED] - id = parsedJson.get("id"): null&#xD;
&#xD;
2019-09-20 15:47:28 - [TEST_STEP][PASSED] - println(id): null&#xD;
&#xD;
2019-09-20 15:47:28 - [TEST_STEP][PASSED] - println(EmpId = id): null&#xD;
&#xD;
2019-09-20 15:47:28 - [TEST_STEP][PASSED] - assert containsString(response, now.toString(), false): Check contain string successfully&#xD;
&#xD;
2019-09-20 15:47:28 - [MESSAGE][PASSED] - Check contain string successfully&#xD;
&#xD;
2019-09-20 15:47:28 - [TEST_STEP][PASSED] - verifyElementPropertyValue(response, "name", EmpName): Verify element property value successfully&#xD;
&#xD;
2019-09-20 15:47:28 - [MESSAGE][PASSED] - Verify element property value successfully&#xD;
&#xD;
2019-09-20 15:47:28 - [TEST_STEP][PASSED] - verifyResponseStatusCode(response, 200): Verify response status code successfully&#xD;
&#xD;
2019-09-20 15:47:28 - [MESSAGE][PASSED] - Verify response status code successfully&#xD;
&#xD;
2019-09-20 15:47:28 - [TEST_STEP][PASSED] - response = sendRequest(findTestObject("DummyEmp/GetEmployee")): Send request successfully&#xD;
&#xD;
2019-09-20 15:47:29 - [MESSAGE][INFO] - HAR: C:\Users\anilesh\Katalon Studio\APITest\Reports\20190920_154712\CreateEmpPara\20190920_154712\requests\main\3.har&#xD;
&#xD;
2019-09-20 15:47:29 - [MESSAGE][PASSED] - Send request successfully&#xD;
&#xD;
2019-09-20 15:47:29 - [TEST_STEP][PASSED] - println(response.getResponseBodyContent()): null&#xD;
&#xD;
2019-09-20 15:47:29 - [TEST_STEP][PASSED] - verifyResponseStatusCode(response, 200): Verify response status code successfully&#xD;
&#xD;
2019-09-20 15:47:29 - [MESSAGE][PASSED] - Verify response status code successfully</system-out>
            <system-err></system-err>
        </testcase>
        <testcase name="Test Cases/DummyEmp/CreateEmp - allvariable" classname="Test Cases/DummyEmp/CreateEmp - allvariable" status="PASSED">
            <system-out>2019-09-20 15:47:29 - [TEST_CASE][PASSED] - Test Cases/DummyEmp/CreateEmp - allvariable: Test Cases/DummyEmp/CreateEmp - allvariable&#xD;
&#xD;
2019-09-20 15:47:29 - [TEST_STEP][PASSED] - now = new java.util.Date(): null&#xD;
&#xD;
2019-09-20 15:47:29 - [TEST_STEP][PASSED] - now.format("yyyyMMdd-HH:mm:ss.SSS", TimeZone.getTimeZone("UTC")): null&#xD;
&#xD;
2019-09-20 15:47:29 - [TEST_STEP][PASSED] - EmpName = now.toString(): null&#xD;
&#xD;
2019-09-20 15:47:29 - [TEST_STEP][PASSED] - response = sendRequest(findTestObject("DummyEmp/CreateEmp - allvariable", ["EmpName":now.toString(), "salary":salary, "age":age])): Send request successfully&#xD;
&#xD;
2019-09-20 15:47:30 - [MESSAGE][INFO] - HAR: C:\Users\anilesh\Katalon Studio\APITest\Reports\20190920_154712\CreateEmpPara\20190920_154712\requests\main\4.har&#xD;
&#xD;
2019-09-20 15:47:30 - [MESSAGE][PASSED] - Send request successfully&#xD;
&#xD;
2019-09-20 15:47:30 - [TEST_STEP][PASSED] - println(response.getResponseBodyContent()): null&#xD;
&#xD;
2019-09-20 15:47:30 - [TEST_STEP][PASSED] - responseText = response.getResponseBodyContent(): null&#xD;
&#xD;
2019-09-20 15:47:30 - [TEST_STEP][PASSED] - println(responseText): null&#xD;
&#xD;
2019-09-20 15:47:30 - [TEST_STEP][PASSED] - slurper = new groovy.json.JsonSlurper(): null&#xD;
&#xD;
2019-09-20 15:47:30 - [TEST_STEP][PASSED] - parsedJson = slurper.parseText(responseText): null&#xD;
&#xD;
2019-09-20 15:47:30 - [TEST_STEP][PASSED] - id = parsedJson.get("id"): null&#xD;
&#xD;
2019-09-20 15:47:30 - [TEST_STEP][PASSED] - println(id): null&#xD;
&#xD;
2019-09-20 15:47:30 - [TEST_STEP][PASSED] - println(EmpId = id): null&#xD;
&#xD;
2019-09-20 15:47:30 - [TEST_STEP][PASSED] - assert containsString(response, now.toString(), false): Check contain string successfully&#xD;
&#xD;
2019-09-20 15:47:30 - [MESSAGE][PASSED] - Check contain string successfully&#xD;
&#xD;
2019-09-20 15:47:30 - [TEST_STEP][PASSED] - verifyElementPropertyValue(response, "name", EmpName): Verify element property value successfully&#xD;
&#xD;
2019-09-20 15:47:30 - [MESSAGE][PASSED] - Verify element property value successfully&#xD;
&#xD;
2019-09-20 15:47:30 - [TEST_STEP][PASSED] - verifyResponseStatusCode(response, 200): Verify response status code successfully&#xD;
&#xD;
2019-09-20 15:47:30 - [MESSAGE][PASSED] - Verify response status code successfully&#xD;
&#xD;
2019-09-20 15:47:30 - [TEST_STEP][PASSED] - response = sendRequest(findTestObject("DummyEmp/GetEmployee")): Send request successfully&#xD;
&#xD;
2019-09-20 15:47:31 - [MESSAGE][INFO] - HAR: C:\Users\anilesh\Katalon Studio\APITest\Reports\20190920_154712\CreateEmpPara\20190920_154712\requests\main\5.har&#xD;
&#xD;
2019-09-20 15:47:31 - [MESSAGE][PASSED] - Send request successfully&#xD;
&#xD;
2019-09-20 15:47:31 - [TEST_STEP][PASSED] - println(response.getResponseBodyContent()): null&#xD;
&#xD;
2019-09-20 15:47:31 - [TEST_STEP][PASSED] - verifyResponseStatusCode(response, 200): Verify response status code successfully&#xD;
&#xD;
2019-09-20 15:47:31 - [MESSAGE][PASSED] - Verify response status code successfully</system-out>
            <system-err></system-err>
        </testcase>
        <testcase name="Test Cases/DummyEmp/CreateEmp - allvariable" classname="Test Cases/DummyEmp/CreateEmp - allvariable" status="PASSED">
            <system-out>2019-09-20 15:47:31 - [TEST_CASE][PASSED] - Test Cases/DummyEmp/CreateEmp - allvariable: Test Cases/DummyEmp/CreateEmp - allvariable&#xD;
&#xD;
2019-09-20 15:47:31 - [TEST_STEP][PASSED] - now = new java.util.Date(): null&#xD;
&#xD;
2019-09-20 15:47:31 - [TEST_STEP][PASSED] - now.format("yyyyMMdd-HH:mm:ss.SSS", TimeZone.getTimeZone("UTC")): null&#xD;
&#xD;
2019-09-20 15:47:31 - [TEST_STEP][PASSED] - EmpName = now.toString(): null&#xD;
&#xD;
2019-09-20 15:47:31 - [TEST_STEP][PASSED] - response = sendRequest(findTestObject("DummyEmp/CreateEmp - allvariable", ["EmpName":now.toString(), "salary":salary, "age":age])): Send request successfully&#xD;
&#xD;
2019-09-20 15:47:31 - [MESSAGE][INFO] - HAR: C:\Users\anilesh\Katalon Studio\APITest\Reports\20190920_154712\CreateEmpPara\20190920_154712\requests\main\6.har&#xD;
&#xD;
2019-09-20 15:47:31 - [MESSAGE][PASSED] - Send request successfully&#xD;
&#xD;
2019-09-20 15:47:31 - [TEST_STEP][PASSED] - println(response.getResponseBodyContent()): null&#xD;
&#xD;
2019-09-20 15:47:31 - [TEST_STEP][PASSED] - responseText = response.getResponseBodyContent(): null&#xD;
&#xD;
2019-09-20 15:47:31 - [TEST_STEP][PASSED] - println(responseText): null&#xD;
&#xD;
2019-09-20 15:47:31 - [TEST_STEP][PASSED] - slurper = new groovy.json.JsonSlurper(): null&#xD;
&#xD;
2019-09-20 15:47:31 - [TEST_STEP][PASSED] - parsedJson = slurper.parseText(responseText): null&#xD;
&#xD;
2019-09-20 15:47:31 - [TEST_STEP][PASSED] - id = parsedJson.get("id"): null&#xD;
&#xD;
2019-09-20 15:47:31 - [TEST_STEP][PASSED] - println(id): null&#xD;
&#xD;
2019-09-20 15:47:31 - [TEST_STEP][PASSED] - println(EmpId = id): null&#xD;
&#xD;
2019-09-20 15:47:31 - [TEST_STEP][PASSED] - assert containsString(response, now.toString(), false): Check contain string successfully&#xD;
&#xD;
2019-09-20 15:47:31 - [MESSAGE][PASSED] - Check contain string successfully&#xD;
&#xD;
2019-09-20 15:47:31 - [TEST_STEP][PASSED] - verifyElementPropertyValue(response, "name", EmpName): Verify element property value successfully&#xD;
&#xD;
2019-09-20 15:47:31 - [MESSAGE][PASSED] - Verify element property value successfully&#xD;
&#xD;
2019-09-20 15:47:31 - [TEST_STEP][PASSED] - verifyResponseStatusCode(response, 200): Verify response status code successfully&#xD;
&#xD;
2019-09-20 15:47:31 - [MESSAGE][PASSED] - Verify response status code successfully&#xD;
&#xD;
2019-09-20 15:47:31 - [TEST_STEP][PASSED] - response = sendRequest(findTestObject("DummyEmp/GetEmployee")): Send request successfully&#xD;
&#xD;
2019-09-20 15:47:32 - [MESSAGE][INFO] - HAR: C:\Users\anilesh\Katalon Studio\APITest\Reports\20190920_154712\CreateEmpPara\20190920_154712\requests\main\7.har&#xD;
&#xD;
2019-09-20 15:47:32 - [MESSAGE][PASSED] - Send request successfully&#xD;
&#xD;
2019-09-20 15:47:32 - [TEST_STEP][PASSED] - println(response.getResponseBodyContent()): null&#xD;
&#xD;
2019-09-20 15:47:32 - [TEST_STEP][PASSED] - verifyResponseStatusCode(response, 200): Verify response status code successfully&#xD;
&#xD;
2019-09-20 15:47:32 - [MESSAGE][PASSED] - Verify response status code successfully</system-out>
            <system-err></system-err>
        </testcase>
        <testcase name="Test Cases/DummyEmp/CreateEmp - allvariable" classname="Test Cases/DummyEmp/CreateEmp - allvariable" status="PASSED">
            <system-out>2019-09-20 15:47:32 - [TEST_CASE][PASSED] - Test Cases/DummyEmp/CreateEmp - allvariable: Test Cases/DummyEmp/CreateEmp - allvariable&#xD;
&#xD;
2019-09-20 15:47:32 - [TEST_STEP][PASSED] - now = new java.util.Date(): null&#xD;
&#xD;
2019-09-20 15:47:32 - [TEST_STEP][PASSED] - now.format("yyyyMMdd-HH:mm:ss.SSS", TimeZone.getTimeZone("UTC")): null&#xD;
&#xD;
2019-09-20 15:47:32 - [TEST_STEP][PASSED] - EmpName = now.toString(): null&#xD;
&#xD;
2019-09-20 15:47:32 - [TEST_STEP][PASSED] - response = sendRequest(findTestObject("DummyEmp/CreateEmp - allvariable", ["EmpName":now.toString(), "salary":salary, "age":age])): Send request successfully&#xD;
&#xD;
2019-09-20 15:47:33 - [MESSAGE][INFO] - HAR: C:\Users\anilesh\Katalon Studio\APITest\Reports\20190920_154712\CreateEmpPara\20190920_154712\requests\main\8.har&#xD;
&#xD;
2019-09-20 15:47:33 - [MESSAGE][PASSED] - Send request successfully&#xD;
&#xD;
2019-09-20 15:47:33 - [TEST_STEP][PASSED] - println(response.getResponseBodyContent()): null&#xD;
&#xD;
2019-09-20 15:47:33 - [TEST_STEP][PASSED] - responseText = response.getResponseBodyContent(): null&#xD;
&#xD;
2019-09-20 15:47:33 - [TEST_STEP][PASSED] - println(responseText): null&#xD;
&#xD;
2019-09-20 15:47:33 - [TEST_STEP][PASSED] - slurper = new groovy.json.JsonSlurper(): null&#xD;
&#xD;
2019-09-20 15:47:33 - [TEST_STEP][PASSED] - parsedJson = slurper.parseText(responseText): null&#xD;
&#xD;
2019-09-20 15:47:33 - [TEST_STEP][PASSED] - id = parsedJson.get("id"): null&#xD;
&#xD;
2019-09-20 15:47:33 - [TEST_STEP][PASSED] - println(id): null&#xD;
&#xD;
2019-09-20 15:47:33 - [TEST_STEP][PASSED] - println(EmpId = id): null&#xD;
&#xD;
2019-09-20 15:47:33 - [TEST_STEP][PASSED] - assert containsString(response, now.toString(), false): Check contain string successfully&#xD;
&#xD;
2019-09-20 15:47:33 - [MESSAGE][PASSED] - Check contain string successfully&#xD;
&#xD;
2019-09-20 15:47:33 - [TEST_STEP][PASSED] - verifyElementPropertyValue(response, "name", EmpName): Verify element property value successfully&#xD;
&#xD;
2019-09-20 15:47:33 - [MESSAGE][PASSED] - Verify element property value successfully&#xD;
&#xD;
2019-09-20 15:47:33 - [TEST_STEP][PASSED] - verifyResponseStatusCode(response, 200): Verify response status code successfully&#xD;
&#xD;
2019-09-20 15:47:33 - [MESSAGE][PASSED] - Verify response status code successfully&#xD;
&#xD;
2019-09-20 15:47:33 - [TEST_STEP][PASSED] - response = sendRequest(findTestObject("DummyEmp/GetEmployee")): Send request successfully&#xD;
&#xD;
2019-09-20 15:47:34 - [MESSAGE][INFO] - HAR: C:\Users\anilesh\Katalon Studio\APITest\Reports\20190920_154712\CreateEmpPara\20190920_154712\requests\main\9.har&#xD;
&#xD;
2019-09-20 15:47:34 - [MESSAGE][PASSED] - Send request successfully&#xD;
&#xD;
2019-09-20 15:47:34 - [TEST_STEP][PASSED] - println(response.getResponseBodyContent()): null&#xD;
&#xD;
2019-09-20 15:47:34 - [TEST_STEP][PASSED] - verifyResponseStatusCode(response, 200): Verify response status code successfully&#xD;
&#xD;
2019-09-20 15:47:34 - [MESSAGE][PASSED] - Verify response status code successfully</system-out>
            <system-err></system-err>
        </testcase>
        <testcase name="Test Cases/DummyEmp/CreateEmp - allvariable" classname="Test Cases/DummyEmp/CreateEmp - allvariable" status="PASSED">
            <system-out>2019-09-20 15:47:34 - [TEST_CASE][PASSED] - Test Cases/DummyEmp/CreateEmp - allvariable: Test Cases/DummyEmp/CreateEmp - allvariable&#xD;
&#xD;
2019-09-20 15:47:34 - [TEST_STEP][PASSED] - now = new java.util.Date(): null&#xD;
&#xD;
2019-09-20 15:47:34 - [TEST_STEP][PASSED] - now.format("yyyyMMdd-HH:mm:ss.SSS", TimeZone.getTimeZone("UTC")): null&#xD;
&#xD;
2019-09-20 15:47:34 - [TEST_STEP][PASSED] - EmpName = now.toString(): null&#xD;
&#xD;
2019-09-20 15:47:34 - [TEST_STEP][PASSED] - response = sendRequest(findTestObject("DummyEmp/CreateEmp - allvariable", ["EmpName":now.toString(), "salary":salary, "age":age])): Send request successfully&#xD;
&#xD;
2019-09-20 15:47:35 - [MESSAGE][INFO] - HAR: C:\Users\anilesh\Katalon Studio\APITest\Reports\20190920_154712\CreateEmpPara\20190920_154712\requests\main\10.har&#xD;
&#xD;
2019-09-20 15:47:35 - [MESSAGE][PASSED] - Send request successfully&#xD;
&#xD;
2019-09-20 15:47:35 - [TEST_STEP][PASSED] - println(response.getResponseBodyContent()): null&#xD;
&#xD;
2019-09-20 15:47:35 - [TEST_STEP][PASSED] - responseText = response.getResponseBodyContent(): null&#xD;
&#xD;
2019-09-20 15:47:35 - [TEST_STEP][PASSED] - println(responseText): null&#xD;
&#xD;
2019-09-20 15:47:35 - [TEST_STEP][PASSED] - slurper = new groovy.json.JsonSlurper(): null&#xD;
&#xD;
2019-09-20 15:47:35 - [TEST_STEP][PASSED] - parsedJson = slurper.parseText(responseText): null&#xD;
&#xD;
2019-09-20 15:47:35 - [TEST_STEP][PASSED] - id = parsedJson.get("id"): null&#xD;
&#xD;
2019-09-20 15:47:35 - [TEST_STEP][PASSED] - println(id): null&#xD;
&#xD;
2019-09-20 15:47:35 - [TEST_STEP][PASSED] - println(EmpId = id): null&#xD;
&#xD;
2019-09-20 15:47:35 - [TEST_STEP][PASSED] - assert containsString(response, now.toString(), false): Check contain string successfully&#xD;
&#xD;
2019-09-20 15:47:35 - [MESSAGE][PASSED] - Check contain string successfully&#xD;
&#xD;
2019-09-20 15:47:35 - [TEST_STEP][PASSED] - verifyElementPropertyValue(response, "name", EmpName): Verify element property value successfully&#xD;
&#xD;
2019-09-20 15:47:35 - [MESSAGE][PASSED] - Verify element property value successfully&#xD;
&#xD;
2019-09-20 15:47:35 - [TEST_STEP][PASSED] - verifyResponseStatusCode(response, 200): Verify response status code successfully&#xD;
&#xD;
2019-09-20 15:47:35 - [MESSAGE][PASSED] - Verify response status code successfully&#xD;
&#xD;
2019-09-20 15:47:35 - [TEST_STEP][PASSED] - response = sendRequest(findTestObject("DummyEmp/GetEmployee")): Send request successfully&#xD;
&#xD;
2019-09-20 15:47:36 - [MESSAGE][INFO] - HAR: C:\Users\anilesh\Katalon Studio\APITest\Reports\20190920_154712\CreateEmpPara\20190920_154712\requests\main\11.har&#xD;
&#xD;
2019-09-20 15:47:36 - [MESSAGE][PASSED] - Send request successfully&#xD;
&#xD;
2019-09-20 15:47:36 - [TEST_STEP][PASSED] - println(response.getResponseBodyContent()): null&#xD;
&#xD;
2019-09-20 15:47:36 - [TEST_STEP][PASSED] - verifyResponseStatusCode(response, 200): Verify response status code successfully&#xD;
&#xD;
2019-09-20 15:47:36 - [MESSAGE][PASSED] - Verify response status code successfully</system-out>
            <system-err></system-err>
        </testcase>
        <system-out>2019-09-20 15:47:20 - [TEST_SUITE][INCOMPLETE] - CreateEmpPara: null</system-out>
        <system-err>2019-09-20 15:47:20 - [TEST_SUITE][INCOMPLETE] - CreateEmpPara: null</system-err>
    </testsuite>
</testsuites>
